<!DOCTYPE html>
<html>
<head>
<meta http-equiv="Content-Type" content="text/html; charset=utf-8"/>
<meta http-equiv="x-ua-compatible" content="IE=edge"/>
<title>Test results - Class ingresar a la sección de sostenibilidad</title>
<link href="../css/base-style.css" rel="stylesheet" type="text/css"/>
<link href="../css/style.css" rel="stylesheet" type="text/css"/>
<script src="../js/report.js" type="text/javascript"></script>
</head>
<body>
<div id="content">
<h1>Class ingresar a la sección de sostenibilidad</h1>
<div class="breadcrumbs">
<a href="../index.html">all</a> &gt; 
<a href="../packages/default-package.html">default-package</a> &gt; ingresar a la sección de sostenibilidad</div>
<div id="summary">
<table>
<tr>
<td>
<div class="summaryGroup">
<table>
<tr>
<td>
<div class="infoBox" id="tests">
<div class="counter">1</div>
<p>tests</p>
</div>
</td>
<td>
<div class="infoBox" id="failures">
<div class="counter">1</div>
<p>failures</p>
</div>
</td>
<td>
<div class="infoBox" id="ignored">
<div class="counter">0</div>
<p>ignored</p>
</div>
</td>
<td>
<div class="infoBox" id="duration">
<div class="counter">6.178s</div>
<p>duration</p>
</div>
</td>
</tr>
</table>
</div>
</td>
<td>
<div class="infoBox failures" id="successRate">
<div class="percent">0%</div>
<p>successful</p>
</div>
</td>
</tr>
</table>
</div>
<div id="tabs">
<ul class="tabLinks">
<li>
<a href="#tab0">Failed tests</a>
</li>
<li>
<a href="#tab1">Tests</a>
</li>
<li>
<a href="#tab2">Standard error</a>
</li>
</ul>
<div id="tab0" class="tab">
<h2>Failed tests</h2>
<div class="test">
<a name="redireccionar al usuario a la opcion de sostenibilidad"></a>
<h3 class="failures">redireccionar al usuario a la opcion de sostenibilidad</h3>
<span class="code">
<pre>net.thucydides.core.webdriver.DriverConfigurationError: Could not instantiate class org.openqa.selenium.chrome.ChromeDriver
	at app//net.thucydides.core.webdriver.WebDriverFacade.newDriverInstance(WebDriverFacade.java:144)
	at app//net.thucydides.core.webdriver.WebDriverFacade.newProxyDriver(WebDriverFacade.java:132)
	at app//net.thucydides.core.webdriver.WebDriverFacade.getProxiedDriver(WebDriverFacade.java:102)
	at app//net.thucydides.core.webdriver.WebDriverFacade.get(WebDriverFacade.java:172)
	at app//net.serenitybdd.core.pages.PageObject.openPageAtUrl(PageObject.java:902)
	at app//net.serenitybdd.core.pages.PageObject.openUrl(PageObject.java:851)
	at app//net.serenitybdd.screenplay.actions.OpenUrl.performAs(OpenUrl.java:18)
	at app//net.serenitybdd.screenplay.actions.OpenUrl$ByteBuddy$ItBvAtrV.performAs$accessor$lJisb8M8(Unknown Source)
	at java.base@15.0.1/jdk.internal.reflect.NativeMethodAccessorImpl.invoke0(Native Method)
	at java.base@15.0.1/jdk.internal.reflect.NativeMethodAccessorImpl.invoke(NativeMethodAccessorImpl.java:64)
	at java.base@15.0.1/jdk.internal.reflect.DelegatingMethodAccessorImpl.invoke(DelegatingMethodAccessorImpl.java:43)
	at java.base@15.0.1/java.lang.reflect.Method.invoke(Method.java:564)
	at app//net.thucydides.core.steps.StepInterceptor.invokeMethod(StepInterceptor.java:466)
	at app//net.thucydides.core.steps.StepInterceptor.executeTestStepMethod(StepInterceptor.java:450)
	at app//net.thucydides.core.steps.StepInterceptor.runTestStep(StepInterceptor.java:425)
	at app//net.thucydides.core.steps.StepInterceptor.runOrSkipMethod(StepInterceptor.java:180)
	at app//net.thucydides.core.steps.StepInterceptor.testStepResult(StepInterceptor.java:167)
	at app//net.thucydides.core.steps.StepInterceptor.intercept(StepInterceptor.java:74)
	at app//net.serenitybdd.screenplay.actions.OpenUrl$ByteBuddy$ItBvAtrV.performAs(Unknown Source)
	at app//net.serenitybdd.screenplay.Actor.performTask(Actor.java:233)
	at app//net.serenitybdd.screenplay.Actor.perform(Actor.java:214)
	at app//net.serenitybdd.screenplay.Actor.attemptsTo(Actor.java:171)
	at app//net.serenitybdd.screenplay.Actor.wasAbleTo(Actor.java:158)
	at app//com.banistmo.certification.website.website.stepdefinitions.SostenibilidadStepDefinitions.queElUsuarioAbreLaUrl(SostenibilidadStepDefinitions.java:38)
	at ✽.que el usuario esta en la pagina de banistmo(src/test/resources/features/sostenibilidad.feature:6)
Caused by: net.thucydides.core.webdriver.DriverConfigurationError: Could not instantiate new WebDriver instance of type class org.openqa.selenium.chrome.ChromeDriver (session not created: This version of ChromeDriver only supports Chrome version 114
Current browser version is 127.0.6533.100 with binary path C:\Program Files\Google\Chrome\Application\chrome.exe
Build info: version: '3.141.59', revision: 'e82be7d358', time: '2018-11-14T08:17:03'
System info: host: 'LAPTOP-JUT4BMHG', ip: '192.168.39.146', os.name: 'Windows 10', os.arch: 'amd64', os.version: '10.0', java.version: '15.0.1'
Driver info: driver.version: ProvideNewDriver
remote stacktrace: Backtrace:
	GetHandleVerifier [0x00C9A813+48355]
	(No symbol) [0x00C2C4B1]
	(No symbol) [0x00B35358]
	(No symbol) [0x00B561AC]
	(No symbol) [0x00B51EF3]
	(No symbol) [0x00B50579]
	(No symbol) [0x00B80C55]
	(No symbol) [0x00B8093C]
	(No symbol) [0x00B7A536]
	(No symbol) [0x00B582DC]
	(No symbol) [0x00B593DD]
	GetHandleVerifier [0x00EFAABD+2539405]
	GetHandleVerifier [0x00F3A78F+2800735]
	GetHandleVerifier [0x00F3456C+2775612]
	GetHandleVerifier [0x00D251E0+616112]
	(No symbol) [0x00C35F8C]
	(No symbol) [0x00C32328]
	(No symbol) [0x00C3240B]
	(No symbol) [0x00C24FF7]
	BaseThreadInitThunk [0x75DA7BA9+25]
	RtlInitializeExceptionChain [0x771CC10B+107]
	RtlClearBits [0x771CC08F+191]
). See below for more details.
	at app//net.thucydides.core.webdriver.WebDriverFactory.newWebdriverInstance(WebDriverFactory.java:158)
	at app//net.thucydides.core.webdriver.WebDriverFacade.newDriverInstance(WebDriverFacade.java:141)
	at app//net.thucydides.core.webdriver.WebDriverFacade.newProxyDriver(WebDriverFacade.java:132)
	at app//net.thucydides.core.webdriver.WebDriverFacade.getProxiedDriver(WebDriverFacade.java:102)
	at app//net.thucydides.core.webdriver.WebDriverFacade.get(WebDriverFacade.java:172)
	at app//net.serenitybdd.core.pages.PageObject.openPageAtUrl(PageObject.java:902)
	at app//net.serenitybdd.core.pages.PageObject.openUrl(PageObject.java:851)
	at app//net.serenitybdd.screenplay.actions.OpenUrl.performAs(OpenUrl.java:18)
	at app//net.serenitybdd.screenplay.actions.OpenUrl$ByteBuddy$ItBvAtrV.performAs$accessor$lJisb8M8(Unknown Source)
	at java.base@15.0.1/jdk.internal.reflect.NativeMethodAccessorImpl.invoke0(Native Method)
	at java.base@15.0.1/jdk.internal.reflect.NativeMethodAccessorImpl.invoke(NativeMethodAccessorImpl.java:64)
	at java.base@15.0.1/jdk.internal.reflect.DelegatingMethodAccessorImpl.invoke(DelegatingMethodAccessorImpl.java:43)
	at java.base@15.0.1/java.lang.reflect.Method.invoke(Method.java:564)
	at app//net.thucydides.core.steps.StepInterceptor.invokeMethod(StepInterceptor.java:466)
	at app//net.thucydides.core.steps.StepInterceptor.executeTestStepMethod(StepInterceptor.java:450)
	at app//net.thucydides.core.steps.StepInterceptor.runTestStep(StepInterceptor.java:425)
	at app//net.thucydides.core.steps.StepInterceptor.runOrSkipMethod(StepInterceptor.java:180)
	at app//net.thucydides.core.steps.StepInterceptor.testStepResult(StepInterceptor.java:167)
	at app//net.thucydides.core.steps.StepInterceptor.intercept(StepInterceptor.java:74)
	at app//net.serenitybdd.screenplay.actions.OpenUrl$ByteBuddy$ItBvAtrV.performAs(Unknown Source)
	at app//net.serenitybdd.screenplay.Actor.performTask(Actor.java:233)
	at app//net.serenitybdd.screenplay.Actor.perform(Actor.java:214)
	at app//net.serenitybdd.screenplay.Actor.attemptsTo(Actor.java:171)
	at app//net.serenitybdd.screenplay.Actor.wasAbleTo(Actor.java:158)
	at app//com.banistmo.certification.website.website.stepdefinitions.SostenibilidadStepDefinitions.queElUsuarioAbreLaUrl(SostenibilidadStepDefinitions.java:38)
	at java.base@15.0.1/jdk.internal.reflect.NativeMethodAccessorImpl.invoke0(Native Method)
	at java.base@15.0.1/jdk.internal.reflect.NativeMethodAccessorImpl.invoke(NativeMethodAccessorImpl.java:64)
	at java.base@15.0.1/jdk.internal.reflect.DelegatingMethodAccessorImpl.invoke(DelegatingMethodAccessorImpl.java:43)
	at java.base@15.0.1/java.lang.reflect.Method.invoke(Method.java:564)
	at app//cucumber.runtime.Utils$1.call(Utils.java:31)
	at app//cucumber.runtime.Timeout.timeout(Timeout.java:16)
	at app//cucumber.runtime.Utils.invoke(Utils.java:25)
	at app//cucumber.runtime.java.JavaStepDefinition.execute(JavaStepDefinition.java:37)
	at app//cucumber.runtime.StepDefinitionMatch.runStep(StepDefinitionMatch.java:40)
	at app//cucumber.api.TestStep.executeStep(TestStep.java:102)
	at app//cucumber.api.TestStep.run(TestStep.java:83)
	at app//cucumber.api.TestCase.run(TestCase.java:58)
	at app//cucumber.runner.Runner.runPickle(Runner.java:80)
	at app//cucumber.runtime.junit.PickleRunners$NoStepDescriptions.run(PickleRunners.java:140)
	at app//cucumber.runtime.junit.FeatureRunner.runChild(FeatureRunner.java:68)
	at app//cucumber.runtime.junit.FeatureRunner.runChild(FeatureRunner.java:23)
	at app//org.junit.runners.ParentRunner$3.run(ParentRunner.java:290)
	at app//org.junit.runners.ParentRunner$1.schedule(ParentRunner.java:71)
	at app//org.junit.runners.ParentRunner.runChildren(ParentRunner.java:288)
	at app//org.junit.runners.ParentRunner.access$000(ParentRunner.java:58)
	at app//org.junit.runners.ParentRunner$2.evaluate(ParentRunner.java:268)
	at app//org.junit.runners.ParentRunner.run(ParentRunner.java:363)
	at app//cucumber.runtime.junit.FeatureRunner.run(FeatureRunner.java:73)
	at app//cucumber.api.junit.Cucumber.runChild(Cucumber.java:118)
	at app//cucumber.api.junit.Cucumber.runChild(Cucumber.java:56)
	at app//org.junit.runners.ParentRunner$3.run(ParentRunner.java:290)
	at app//org.junit.runners.ParentRunner$1.schedule(ParentRunner.java:71)
	at app//org.junit.runners.ParentRunner.runChildren(ParentRunner.java:288)
	at app//org.junit.runners.ParentRunner.access$000(ParentRunner.java:58)
	at app//org.junit.runners.ParentRunner$2.evaluate(ParentRunner.java:268)
	at app//cucumber.api.junit.Cucumber$1.evaluate(Cucumber.java:127)
	at app//org.junit.runners.ParentRunner.run(ParentRunner.java:363)
	at org.gradle.api.internal.tasks.testing.junit.JUnitTestClassExecutor.runTestClass(JUnitTestClassExecutor.java:110)
	at org.gradle.api.internal.tasks.testing.junit.JUnitTestClassExecutor.execute(JUnitTestClassExecutor.java:58)
	at org.gradle.api.internal.tasks.testing.junit.JUnitTestClassExecutor.execute(JUnitTestClassExecutor.java:38)
	at org.gradle.api.internal.tasks.testing.junit.AbstractJUnitTestClassProcessor.processTestClass(AbstractJUnitTestClassProcessor.java:62)
	at org.gradle.api.internal.tasks.testing.SuiteTestClassProcessor.processTestClass(SuiteTestClassProcessor.java:51)
	at java.base@15.0.1/jdk.internal.reflect.NativeMethodAccessorImpl.invoke0(Native Method)
	at java.base@15.0.1/jdk.internal.reflect.NativeMethodAccessorImpl.invoke(NativeMethodAccessorImpl.java:64)
	at java.base@15.0.1/jdk.internal.reflect.DelegatingMethodAccessorImpl.invoke(DelegatingMethodAccessorImpl.java:43)
	at java.base@15.0.1/java.lang.reflect.Method.invoke(Method.java:564)
	at org.gradle.internal.dispatch.ReflectionDispatch.dispatch(ReflectionDispatch.java:36)
	at org.gradle.internal.dispatch.ReflectionDispatch.dispatch(ReflectionDispatch.java:24)
	at org.gradle.internal.dispatch.ContextClassLoaderDispatch.dispatch(ContextClassLoaderDispatch.java:33)
	at org.gradle.internal.dispatch.ProxyDispatchAdapter$DispatchingInvocationHandler.invoke(ProxyDispatchAdapter.java:94)
	at com.sun.proxy.$Proxy2.processTestClass(Unknown Source)
	at org.gradle.api.internal.tasks.testing.worker.TestWorker$2.run(TestWorker.java:176)
	at org.gradle.api.internal.tasks.testing.worker.TestWorker.executeAndMaintainThreadName(TestWorker.java:129)
	at org.gradle.api.internal.tasks.testing.worker.TestWorker.execute(TestWorker.java:100)
	at org.gradle.api.internal.tasks.testing.worker.TestWorker.execute(TestWorker.java:60)
	at org.gradle.process.internal.worker.child.ActionExecutionWorker.execute(ActionExecutionWorker.java:56)
	at org.gradle.process.internal.worker.child.SystemApplicationClassLoaderWorker.call(SystemApplicationClassLoaderWorker.java:133)
	at org.gradle.process.internal.worker.child.SystemApplicationClassLoaderWorker.call(SystemApplicationClassLoaderWorker.java:71)
	at app//worker.org.gradle.process.internal.worker.GradleWorkerMain.run(GradleWorkerMain.java:69)
	at app//worker.org.gradle.process.internal.worker.GradleWorkerMain.main(GradleWorkerMain.java:74)
Caused by: org.openqa.selenium.SessionNotCreatedException: session not created: This version of ChromeDriver only supports Chrome version 114
Current browser version is 127.0.6533.100 with binary path C:\Program Files\Google\Chrome\Application\chrome.exe
Build info: version: '3.141.59', revision: 'e82be7d358', time: '2018-11-14T08:17:03'
System info: host: 'LAPTOP-JUT4BMHG', ip: '192.168.39.146', os.name: 'Windows 10', os.arch: 'amd64', os.version: '10.0', java.version: '15.0.1'
Driver info: driver.version: ProvideNewDriver
remote stacktrace: Backtrace:
	GetHandleVerifier [0x00C9A813+48355]
	(No symbol) [0x00C2C4B1]
	(No symbol) [0x00B35358]
	(No symbol) [0x00B561AC]
	(No symbol) [0x00B51EF3]
	(No symbol) [0x00B50579]
	(No symbol) [0x00B80C55]
	(No symbol) [0x00B8093C]
	(No symbol) [0x00B7A536]
	(No symbol) [0x00B582DC]
	(No symbol) [0x00B593DD]
	GetHandleVerifier [0x00EFAABD+2539405]
	GetHandleVerifier [0x00F3A78F+2800735]
	GetHandleVerifier [0x00F3456C+2775612]
	GetHandleVerifier [0x00D251E0+616112]
	(No symbol) [0x00C35F8C]
	(No symbol) [0x00C32328]
	(No symbol) [0x00C3240B]
	(No symbol) [0x00C24FF7]
	BaseThreadInitThunk [0x75DA7BA9+25]
	RtlInitializeExceptionChain [0x771CC10B+107]
	RtlClearBits [0x771CC08F+191]

	at java.base@15.0.1/jdk.internal.reflect.NativeConstructorAccessorImpl.newInstance0(Native Method)
	at java.base@15.0.1/jdk.internal.reflect.NativeConstructorAccessorImpl.newInstance(NativeConstructorAccessorImpl.java:64)
	at java.base@15.0.1/jdk.internal.reflect.DelegatingConstructorAccessorImpl.newInstance(DelegatingConstructorAccessorImpl.java:45)
	at java.base@15.0.1/java.lang.reflect.Constructor.newInstanceWithCaller(Constructor.java:500)
	at java.base@15.0.1/java.lang.reflect.Constructor.newInstance(Constructor.java:481)
	at app//org.openqa.selenium.remote.W3CHandshakeResponse.lambda$errorHandler$0(W3CHandshakeResponse.java:62)
	at app//org.openqa.selenium.remote.HandshakeResponse.lambda$getResponseFunction$0(HandshakeResponse.java:30)
	at app//org.openqa.selenium.remote.ProtocolHandshake.lambda$createSession$0(ProtocolHandshake.java:126)
	at java.base@15.0.1/java.util.stream.ReferencePipeline$3$1.accept(ReferencePipeline.java:195)
	at java.base@15.0.1/java.util.Spliterators$ArraySpliterator.tryAdvance(Spliterators.java:958)
	at java.base@15.0.1/java.util.stream.ReferencePipeline.forEachWithCancel(ReferencePipeline.java:127)
	at java.base@15.0.1/java.util.stream.AbstractPipeline.copyIntoWithCancel(AbstractPipeline.java:502)
	at java.base@15.0.1/java.util.stream.AbstractPipeline.copyInto(AbstractPipeline.java:488)
	at java.base@15.0.1/java.util.stream.AbstractPipeline.wrapAndCopyInto(AbstractPipeline.java:474)
	at java.base@15.0.1/java.util.stream.FindOps$FindOp.evaluateSequential(FindOps.java:150)
	at java.base@15.0.1/java.util.stream.AbstractPipeline.evaluate(AbstractPipeline.java:234)
	at java.base@15.0.1/java.util.stream.ReferencePipeline.findFirst(ReferencePipeline.java:543)
	at app//org.openqa.selenium.remote.ProtocolHandshake.createSession(ProtocolHandshake.java:128)
	at app//org.openqa.selenium.remote.ProtocolHandshake.createSession(ProtocolHandshake.java:74)
	at app//org.openqa.selenium.remote.HttpCommandExecutor.execute(HttpCommandExecutor.java:136)
	at app//org.openqa.selenium.remote.service.DriverCommandExecutor.execute(DriverCommandExecutor.java:83)
	at app//org.openqa.selenium.remote.RemoteWebDriver.execute(RemoteWebDriver.java:552)
	at app//org.openqa.selenium.remote.RemoteWebDriver.startSession(RemoteWebDriver.java:213)
	at app//org.openqa.selenium.remote.RemoteWebDriver.&lt;init&gt;(RemoteWebDriver.java:131)
	at app//org.openqa.selenium.chrome.ChromeDriver.&lt;init&gt;(ChromeDriver.java:181)
	at app//org.openqa.selenium.chrome.ChromeDriver.&lt;init&gt;(ChromeDriver.java:168)
	at app//org.openqa.selenium.chrome.ChromeDriver.&lt;init&gt;(ChromeDriver.java:157)
	at app//net.serenitybdd.core.webdriver.driverproviders.ChromeDriverProvider.lambda$newInstance$0(ChromeDriverProvider.java:64)
	at app//net.serenitybdd.core.webdriver.driverproviders.ProvideNewDriver.withConfiguration(ProvideNewDriver.java:40)
	at app//net.serenitybdd.core.webdriver.driverproviders.ChromeDriverProvider.newInstance(ChromeDriverProvider.java:60)
	at app//net.thucydides.core.webdriver.WebDriverFactory.createWebDriver(WebDriverFactory.java:169)
	at app//net.thucydides.core.webdriver.WebDriverFactory.newWebdriverInstance(WebDriverFactory.java:150)
	... 79 more
</pre>
</span>
</div>
</div>
<div id="tab1" class="tab">
<h2>Tests</h2>
<table>
<thead>
<tr>
<th>Test</th>
<th>Duration</th>
<th>Result</th>
</tr>
</thead>
<tr>
<td class="failures">redireccionar al usuario a la opcion de sostenibilidad</td>
<td class="failures">6.178s</td>
<td class="failures">failed</td>
</tr>
</table>
</div>
<div id="tab2" class="tab">
<h2>Standard error</h2>
<span class="code">
<pre>[Test worker] ERROR io.github.bonigarcia.wdm.online.HttpClient - Error HTTP 404 executing https://chromedriver.storage.googleapis.com/LATEST_RELEASE_127
[Test worker] WARN io.github.bonigarcia.wdm.versions.VersionDetector - Exception reading https://chromedriver.storage.googleapis.com/LATEST_RELEASE_127 to get latest version of chromedriver (Error HTTP 404 executing https://chromedriver.storage.googleapis.com/LATEST_RELEASE_127)
[Test worker] INFO io.github.bonigarcia.wdm.WebDriverManager - Exporting webdriver.chrome.driver as C:\Users\Andres\.cache\selenium\chromedriver\win32\114.0.5735.90\chromedriver.exe
ago. 21, 2024 1:42:51 A. M. org.openqa.selenium.remote.DesiredCapabilities chrome
INFO: Using `new ChromeOptions()` is preferred to `DesiredCapabilities.chrome()`
[Test worker] INFO net.serenitybdd.core.webdriver.driverproviders.ProvideNewDriver - Instantiating driver
[Test worker] INFO net.serenitybdd.core.webdriver.driverproviders.ProvideNewDriver - Driver capabilities: Capabilities {acceptInsecureCerts: false, browserName: chrome, chrome.switches: --incognito,--start-maximized, goog:chromeOptions: {args: [--incognito, --start-maximized], extensions: []}, loggingPrefs: org.openqa.selenium.logging..., platform: ANY, version: }
Starting ChromeDriver 114.0.5735.90 (386bc09e8f4f2e025eddae123f36f6263096ae49-refs/branch-heads/5735@{#1052}) on port 3410
Only local connections are allowed.
Please see https://chromedriver.chromium.org/security-considerations for suggestions on keeping ChromeDriver safe.
ChromeDriver was started successfully.
[Test worker] ERROR net.thucydides.core.steps.ConsoleLoggingListener - 
           __  _____ _____ ____ _____   _____ _    ___ _     _____ ____  
  _       / / |_   _| ____/ ___|_   _| |  ___/ \  |_ _| |   | ____|  _ \ 
 (_)_____| |    | | |  _| \___ \ | |   | |_ / _ \  | || |   |  _| | | | |
  _|_____| |    | | | |___ ___) || |   |  _/ ___ \ | || |___| |___| |_| |
 (_)     | |    |_| |_____|____/ |_|   |_|/_/   \_\___|_____|_____|____/ 
          \_\                                                            

TEST FAILED WITH ERROR: redireccionar al usuario a la opcion de sostenibilidad
---------------------------------------------------------------------
[Test worker] ERROR net.thucydides.core.steps.ConsoleLoggingListener - TEST FAILED AT STEP User opens the https://www.banistmo.com/wps/portal/banistmo/personas/
[Test worker] ERROR net.thucydides.core.steps.ConsoleLoggingListener - Could not instantiate class org.openqa.selenium.chrome.ChromeDriver
</pre>
</span>
</div>
</div>
<div id="footer">
<p>
<div>
<label class="hidden" id="label-for-line-wrapping-toggle" for="line-wrapping-toggle">Wrap lines
<input id="line-wrapping-toggle" type="checkbox" autocomplete="off"/>
</label>
</div>Generated by 
<a href="http://www.gradle.org">Gradle 7.4</a> at 21/08/2024, 1:42:56 a. m.</p>
</div>
</div>
</body>
</html>
